[2017-04-28 09:53:22] /Shopnc_b2b2c/index.php?act=store_privilege&op=store_bao ( act=store_privilege&op=store_bao ) 
ERR: Db Error: Unknown column 'privilege_time' in 'where clause'
SELECT * FROM `33hao_privilege` WHERE ( goods_id = '100010' ) AND ( privilege_vip_type = '1' ) AND ( privilege_status = '1' ) AND ( privilege_time = '2' ) LIMIT 1  
[2017-04-28 09:55:49] /Shopnc_b2b2c/index.php?act=goods&op=addbrowse&gid=100010 ( act=goods&op=addbrowse ) 
ERR: Db Error: Duplicate entry '100010-2' for key 'PRIMARY'
INSERT  INTO `33hao_goods_browse` (goods_id,member_id,browsetime,gc_id,gc_id_1,gc_id_2,gc_id_3) VALUES ('100010','2','1493344549','633','593','599','633')
[2017-04-28 10:00:04] /Shopnc_b2b2c/index.php?act=goods&op=addbrowse&gid=100010 ( act=goods&op=addbrowse ) 
ERR: Db Error: Duplicate entry '100010-2' for key 'PRIMARY'
INSERT  INTO `33hao_goods_browse` (goods_id,member_id,browsetime,gc_id,gc_id_1,gc_id_2,gc_id_3) VALUES ('100010','2','1493344804','633','593','599','633')
[2017-04-28 10:07:06] /Shopnc_b2b2c/index.php?act=store_brokerage&op=index_moon&submit=ok&pay_t=2&pay_buyer_id=2&pay_goods_id=100010&pay_privilege_id=1&pay_moon=5 ( act=store_brokerage&op=index_moon ) 
ERR: Db Error: Column 'updataId' cannot be null
INSERT  INTO `33hao_rebate_moon` (store_id,buyer_id,goods_id,moon,buyer_vip,add_time,pay_fee,pay_num,updataId,privilege_val) VALUES ('2','2','100010','5','1','1493345226',NULL,NULL,NULL,'a:3:{i:20;s:1:\"1\";i:40;s:1:\"2\";i:60;s:1:\"3\";}')
[2017-04-28 10:08:01] /Shopnc_b2b2c/index.php?act=goods&op=addbrowse&gid=100011 ( act=goods&op=addbrowse ) 
ERR: Db Error: Duplicate entry '100011-2' for key 'PRIMARY'
INSERT  INTO `33hao_goods_browse` (goods_id,member_id,browsetime,gc_id,gc_id_1,gc_id_2,gc_id_3) VALUES ('100011','2','1493345281','633','593','599','633')
[2017-04-28 10:29:35] /Shopnc_b2b2c/index.php?act=store_privilege&op=store_bao ( act=store_privilege&op=store_bao ) 
ERR: Db Error: Unknown column 'privilege_time' in 'where clause'
SELECT * FROM `33hao_privilege` WHERE ( goods_id = '100010' ) AND ( privilege_vip_type = '1' ) AND ( privilege_status = '1' ) AND ( privilege_time = '3' ) LIMIT 1  
[2017-04-28 11:30:59] /Shopnc_b2b2c/index.php?act=goods&op=addbrowse&gid=100010 ( act=goods&op=addbrowse ) 
ERR: Db Error: Duplicate entry '100010-2' for key 'PRIMARY'
INSERT  INTO `33hao_goods_browse` (goods_id,member_id,browsetime,gc_id,gc_id_1,gc_id_2,gc_id_3) VALUES ('100010','2','1493350259','633','593','599','633')
[2017-04-28 12:22:44] /Shopnc_b2b2c/index.php?act=store_privilege&op=store_bao ( act=store_privilege&op=store_bao ) 
ERR: Db Error: Unknown column 'privilege_time' in 'where clause'
SELECT * FROM `33hao_privilege` WHERE ( goods_id = '100010' ) AND ( privilege_vip_type = '1' ) AND ( privilege_status = '1' ) AND ( privilege_time = '3' ) LIMIT 1  
[2017-04-28 13:39:21] /Shopnc_b2b2c/index.php?act=store_privilege&op=store_bao ( act=store_privilege&op=store_bao ) 
ERR: Db Error: Unknown column 'privilege_time' in 'where clause'
SELECT * FROM `33hao_privilege` WHERE ( goods_id = '100010' ) AND ( privilege_vip_type = '1' ) AND ( privilege_status = '1' ) AND ( privilege_time = '3' ) LIMIT 1  
[2017-04-28 13:41:33] /Shopnc_b2b2c/index.php?act=store_privilege&op=store_bao ( act=store_privilege&op=store_bao ) 
ERR: Db Error: Unknown column 'privilege_time' in 'where clause'
SELECT * FROM `33hao_privilege` WHERE ( goods_id = '100010' ) AND ( privilege_vip_type = '1' ) AND ( privilege_status = '1' ) AND ( privilege_time = '3' ) LIMIT 1  
[2017-04-28 15:27:42] /Shopnc_b2b2c/index.php?act=goods&op=addbrowse&gid=100010 ( act=goods&op=addbrowse ) 
ERR: Db Error: Duplicate entry '100010-2' for key 'PRIMARY'
INSERT  INTO `33hao_goods_browse` (goods_id,member_id,browsetime,gc_id,gc_id_1,gc_id_2,gc_id_3) VALUES ('100010','2','1493364462','633','593','599','633')
[2017-04-28 15:39:01] /Shopnc_b2b2c/index.php?act=goods&op=addbrowse&gid=100010 ( act=goods&op=addbrowse ) 
ERR: Db Error: Duplicate entry '100010-2' for key 'PRIMARY'
INSERT  INTO `33hao_goods_browse` (goods_id,member_id,browsetime,gc_id,gc_id_1,gc_id_2,gc_id_3) VALUES ('100010','2','1493365141','633','593','599','633')
